  [1m[35m (2.3ms)[0m  [1m[35mCREATE TABLE "schema_migrations" ("version" varchar NOT NULL PRIMARY KEY)[0m
  [1m[35m (1.4ms)[0m  [1m[35mCREATE TABLE "ar_internal_metadata" ("key" varchar NOT NULL PRIMARY KEY, "value" varchar, "created_at" datetime NOT NULL, "updated_at" datetime NOT NULL)[0m
  [1m[36mActiveRecord::InternalMetadata Load (0.4ms)[0m  [1m[34mSELECT  "ar_internal_metadata".* FROM "ar_internal_metadata" WHERE "ar_internal_metadata"."key" = ? LIMIT ?[0m  [["key", "environment"], ["LIMIT", 1]]
  [1m[35m (0.2ms)[0m  [1m[36mbegin transaction[0m
  [1m[35mSQL (0.4ms)[0m  [1m[32mINSERT INTO "ar_internal_metadata" ("key", "value", "created_at", "updated_at") VALUES (?, ?, ?, ?)[0m  [["key", "environment"], ["value", "development"], ["created_at", "2017-09-27 20:21:42.790945"], ["updated_at", "2017-09-27 20:21:42.790945"]]
  [1m[35m (1.0ms)[0m  [1m[36mcommit transaction[0m
  [1m[36mActiveRecord::SchemaMigration Load (0.4ms)[0m  [1m[34mSELECT "schema_migrations".* FROM "schema_migrations"[0m
Started GET "/" for 127.0.0.1 at 2017-09-27 13:22:19 -0700
Processing by Rails::WelcomeController#index as HTML
  Parameters: {"internal"=>true}
  Rendering /Users/michaelfox/.rvm/gems/ruby-2.3.3/gems/railties-5.0.6/lib/rails/templates/rails/welcome/index.html.erb
  Rendered /Users/michaelfox/.rvm/gems/ruby-2.3.3/gems/railties-5.0.6/lib/rails/templates/rails/welcome/index.html.erb (6.7ms)
Completed 200 OK in 31ms (Views: 14.8ms | ActiveRecord: 0.0ms)


Started GET "/" for 127.0.0.1 at 2017-09-27 23:24:10 -0700
Processing by Rails::WelcomeController#index as HTML
  Parameters: {"internal"=>true}
  Rendering /Users/michaelfox/.rvm/gems/ruby-2.3.3/gems/railties-5.0.6/lib/rails/templates/rails/welcome/index.html.erb
  Rendered /Users/michaelfox/.rvm/gems/ruby-2.3.3/gems/railties-5.0.6/lib/rails/templates/rails/welcome/index.html.erb (8.7ms)
Completed 200 OK in 43ms (Views: 20.4ms | ActiveRecord: 0.0ms)


  [1m[36mActiveRecord::SchemaMigration Load (0.5ms)[0m  [1m[34mSELECT "schema_migrations".* FROM "schema_migrations"[0m
Migrating to CreateProjects (20170929220753)
  [1m[35m (0.2ms)[0m  [1m[36mbegin transaction[0m
  [1m[35m (1.1ms)[0m  [1m[35mCREATE TABLE "projects" ("id" INTEGER PRIMARY KEY AUTOINCREMENT NOT NULL, "title" varchar, "description" text, "percent_complete" decimal, "created_at" datetime NOT NULL, "updated_at" datetime NOT NULL)[0m
  [1m[35mSQL (1.7ms)[0m  [1m[32mINSERT INTO "schema_migrations" ("version") VALUES (?)[0m  [["version", "20170929220753"]]
  [1m[35m (1.2ms)[0m  [1m[36mcommit transaction[0m
  [1m[36mActiveRecord::InternalMetadata Load (0.4ms)[0m  [1m[34mSELECT  "ar_internal_metadata".* FROM "ar_internal_metadata" WHERE "ar_internal_metadata"."key" = ? LIMIT ?[0m  [["key", "environment"], ["LIMIT", 1]]
  [1m[35m (0.7ms)[0m  [1m[36mbegin transaction[0m
  [1m[35m (0.2ms)[0m  [1m[36mcommit transaction[0m
  [1m[36mActiveRecord::SchemaMigration Load (0.2ms)[0m  [1m[34mSELECT "schema_migrations".* FROM "schema_migrations"[0m
Started GET "/" for 127.0.0.1 at 2017-09-29 15:08:26 -0700
  [1m[36mActiveRecord::SchemaMigration Load (0.3ms)[0m  [1m[34mSELECT "schema_migrations".* FROM "schema_migrations"[0m
Processing by Rails::WelcomeController#index as HTML
  Parameters: {"internal"=>true}
  Rendering /Users/michaelfox/.rvm/gems/ruby-2.3.3/gems/railties-5.0.6/lib/rails/templates/rails/welcome/index.html.erb
  Rendered /Users/michaelfox/.rvm/gems/ruby-2.3.3/gems/railties-5.0.6/lib/rails/templates/rails/welcome/index.html.erb (7.3ms)
Completed 200 OK in 40ms (Views: 17.3ms | ActiveRecord: 0.0ms)


Started GET "/projects" for 127.0.0.1 at 2017-09-29 15:08:33 -0700
Processing by ProjectsController#index as HTML
  Rendering projects/index.html.erb within layouts/application
  [1m[36mProject Load (1.3ms)[0m  [1m[34mSELECT "projects".* FROM "projects"[0m
  Rendered projects/index.html.erb within layouts/application (26.1ms)
Completed 200 OK in 1222ms (Views: 1207.5ms | ActiveRecord: 2.0ms)


Started GET "/projects/new" for 127.0.0.1 at 2017-09-29 15:09:05 -0700
Processing by ProjectsController#new as HTML
  Rendering projects/new.html.erb within layouts/application
  Rendered projects/_form.html.erb (37.0ms)
  Rendered projects/new.html.erb within layouts/application (42.2ms)
Completed 200 OK in 112ms (Views: 91.4ms | ActiveRecord: 1.0ms)


Started POST "/projects" for 127.0.0.1 at 2017-09-29 15:09:14 -0700
Processing by ProjectsController#create as HTML
  Parameters: {"utf8"=>"✓", "authenticity_token"=>"7yGxKSpx1di0J7FqEHZsNPeks1VYIj16Zb9IPXk0nC6IDy7y2eAINggG1C8cX+HhVASsutYDPHdJYFYr6blIgg==", "project"=>{"title"=>"Test Project 1", "description"=>"test", "percent_complete"=>""}, "commit"=>"Create Project"}
  [1m[35m (0.8ms)[0m  [1m[36mbegin transaction[0m
  [1m[35mSQL (0.6ms)[0m  [1m[32mINSERT INTO "projects" ("title", "description", "created_at", "updated_at") VALUES (?, ?, ?, ?)[0m  [["title", "Test Project 1"], ["description", "test"], ["created_at", "2017-09-29 22:09:14.675370"], ["updated_at", "2017-09-29 22:09:14.675370"]]
  [1m[35m (0.9ms)[0m  [1m[36mcommit transaction[0m
Redirected to http://0.0.0.0:3000/projects/1
Completed 302 Found in 11ms (ActiveRecord: 2.3ms)


Started GET "/projects/1" for 127.0.0.1 at 2017-09-29 15:09:14 -0700
Processing by ProjectsController#show as HTML
  Parameters: {"id"=>"1"}
  [1m[36mProject Load (0.9ms)[0m  [1m[34mSELECT  "projects".* FROM "projects" WHERE "projects"."id" = ? LIMIT ?[0m  [["id", 1], ["LIMIT", 1]]
  Rendering projects/show.html.erb within layouts/application
  Rendered projects/show.html.erb within layouts/application (1.5ms)
Completed 200 OK in 61ms (Views: 49.7ms | ActiveRecord: 0.9ms)


Started GET "/projects" for 127.0.0.1 at 2017-09-29 15:09:16 -0700
Processing by ProjectsController#index as HTML
  Rendering projects/index.html.erb within layouts/application
  [1m[36mProject Load (0.3ms)[0m  [1m[34mSELECT "projects".* FROM "projects"[0m
  Rendered projects/index.html.erb within layouts/application (4.0ms)
Completed 200 OK in 57ms (Views: 52.0ms | ActiveRecord: 0.3ms)


Started GET "/projects/1" for 127.0.0.1 at 2017-09-29 15:09:18 -0700
Processing by ProjectsController#show as HTML
  Parameters: {"id"=>"1"}
  [1m[36mProject Load (0.2ms)[0m  [1m[34mSELECT  "projects".* FROM "projects" WHERE "projects"."id" = ? LIMIT ?[0m  [["id", 1], ["LIMIT", 1]]
  Rendering projects/show.html.erb within layouts/application
  Rendered projects/show.html.erb within layouts/application (1.9ms)
Completed 200 OK in 66ms (Views: 60.1ms | ActiveRecord: 0.2ms)


Started GET "/projects/1/edit" for 127.0.0.1 at 2017-09-29 15:09:37 -0700
Processing by ProjectsController#edit as HTML
  Parameters: {"id"=>"1"}
  [1m[36mProject Load (0.3ms)[0m  [1m[34mSELECT  "projects".* FROM "projects" WHERE "projects"."id" = ? LIMIT ?[0m  [["id", 1], ["LIMIT", 1]]
  Rendering projects/edit.html.erb within layouts/application
  Rendered projects/_form.html.erb (4.5ms)
  Rendered projects/edit.html.erb within layouts/application (9.0ms)
Completed 200 OK in 64ms (Views: 57.0ms | ActiveRecord: 0.3ms)


Started PATCH "/projects/1" for 127.0.0.1 at 2017-09-29 15:09:41 -0700
Processing by ProjectsController#update as HTML
  Parameters: {"utf8"=>"✓", "authenticity_token"=>"akH9JbtbqKWoNcj0aQorl8MLyCXAOtCtUUfX8E7LQGGrSo9eRba2JqVPo9Z/kiD/YeRRVw+DbW8nOBa8EwuR4g==", "project"=>{"title"=>"Test Project 1", "description"=>"test", "percent_complete"=>".8"}, "commit"=>"Update Project", "id"=>"1"}
  [1m[36mProject Load (0.2ms)[0m  [1m[34mSELECT  "projects".* FROM "projects" WHERE "projects"."id" = ? LIMIT ?[0m  [["id", 1], ["LIMIT", 1]]
  [1m[35m (0.2ms)[0m  [1m[36mbegin transaction[0m
  [1m[35mSQL (0.6ms)[0m  [1m[33mUPDATE "projects" SET "percent_complete" = ?, "updated_at" = ? WHERE "projects"."id" = ?[0m  [["percent_complete", 0.8], ["updated_at", "2017-09-29 22:09:41.222184"], ["id", 1]]
  [1m[35m (1.2ms)[0m  [1m[36mcommit transaction[0m
Redirected to http://0.0.0.0:3000/projects/1
Completed 302 Found in 11ms (ActiveRecord: 2.2ms)


Started GET "/projects/1" for 127.0.0.1 at 2017-09-29 15:09:41 -0700
Processing by ProjectsController#show as HTML
  Parameters: {"id"=>"1"}
  [1m[36mProject Load (0.6ms)[0m  [1m[34mSELECT  "projects".* FROM "projects" WHERE "projects"."id" = ? LIMIT ?[0m  [["id", 1], ["LIMIT", 1]]
  Rendering projects/show.html.erb within layouts/application
  Rendered projects/show.html.erb within layouts/application (1.2ms)
Completed 200 OK in 38ms (Views: 32.3ms | ActiveRecord: 0.6ms)


Started GET "/projects" for 127.0.0.1 at 2017-09-29 15:09:42 -0700
Processing by ProjectsController#index as HTML
  Rendering projects/index.html.erb within layouts/application
  [1m[36mProject Load (0.2ms)[0m  [1m[34mSELECT "projects".* FROM "projects"[0m
  Rendered projects/index.html.erb within layouts/application (2.9ms)
Completed 200 OK in 45ms (Views: 41.9ms | ActiveRecord: 0.2ms)


Started GET "/projects/1" for 127.0.0.1 at 2017-09-29 15:09:44 -0700
Processing by ProjectsController#show as HTML
  Parameters: {"id"=>"1"}
  [1m[36mProject Load (0.2ms)[0m  [1m[34mSELECT  "projects".* FROM "projects" WHERE "projects"."id" = ? LIMIT ?[0m  [["id", 1], ["LIMIT", 1]]
  Rendering projects/show.html.erb within layouts/application
  Rendered projects/show.html.erb within layouts/application (1.7ms)
Completed 200 OK in 57ms (Views: 52.8ms | ActiveRecord: 0.2ms)


Started GET "/projects/1/edit" for 127.0.0.1 at 2017-09-29 15:09:45 -0700
Processing by ProjectsController#edit as HTML
  Parameters: {"id"=>"1"}
  [1m[36mProject Load (0.2ms)[0m  [1m[34mSELECT  "projects".* FROM "projects" WHERE "projects"."id" = ? LIMIT ?[0m  [["id", 1], ["LIMIT", 1]]
  Rendering projects/edit.html.erb within layouts/application
  Rendered projects/_form.html.erb (4.2ms)
  Rendered projects/edit.html.erb within layouts/application (8.8ms)
Completed 200 OK in 44ms (Views: 40.7ms | ActiveRecord: 0.2ms)


Started PATCH "/projects/1" for 127.0.0.1 at 2017-09-29 15:09:47 -0700
Processing by ProjectsController#update as HTML
  Parameters: {"utf8"=>"✓", "authenticity_token"=>"u/ddM+M6btJvhtHE0gNQ/pZU08XVxuRyBtGPwZy8opp6/C9IHddwUWL8uubEm1uWNLtKtxp/WbBwrk6NwXxzGQ==", "project"=>{"title"=>"Test Project 1", "description"=>"test", "percent_complete"=>"80"}, "commit"=>"Update Project", "id"=>"1"}
  [1m[36mProject Load (0.1ms)[0m  [1m[34mSELECT  "projects".* FROM "projects" WHERE "projects"."id" = ? LIMIT ?[0m  [["id", 1], ["LIMIT", 1]]
  [1m[35m (0.1ms)[0m  [1m[36mbegin transaction[0m
  [1m[35mSQL (0.5ms)[0m  [1m[33mUPDATE "projects" SET "percent_complete" = ?, "updated_at" = ? WHERE "projects"."id" = ?[0m  [["percent_complete", 80.0], ["updated_at", "2017-09-29 22:09:48.001717"], ["id", 1]]
  [1m[35m (1.0ms)[0m  [1m[36mcommit transaction[0m
Redirected to http://0.0.0.0:3000/projects/1
Completed 302 Found in 8ms (ActiveRecord: 1.7ms)


Started GET "/projects/1" for 127.0.0.1 at 2017-09-29 15:09:48 -0700
Processing by ProjectsController#show as HTML
  Parameters: {"id"=>"1"}
  [1m[36mProject Load (0.2ms)[0m  [1m[34mSELECT  "projects".* FROM "projects" WHERE "projects"."id" = ? LIMIT ?[0m  [["id", 1], ["LIMIT", 1]]
  Rendering projects/show.html.erb within layouts/application
  Rendered projects/show.html.erb within layouts/application (1.5ms)
Completed 200 OK in 65ms (Views: 60.7ms | ActiveRecord: 0.2ms)


Started GET "/projects" for 127.0.0.1 at 2017-09-29 15:09:49 -0700
Processing by ProjectsController#index as HTML
  Rendering projects/index.html.erb within layouts/application
  [1m[36mProject Load (0.2ms)[0m  [1m[34mSELECT "projects".* FROM "projects"[0m
  Rendered projects/index.html.erb within layouts/application (2.6ms)
Completed 200 OK in 37ms (Views: 33.7ms | ActiveRecord: 0.2ms)


  [1m[35m (1.8ms)[0m  [1m[36mbegin transaction[0m
  [1m[35m (0.2ms)[0m  [1m[31mrollback transaction[0m
Started GET "/projects/new" for 127.0.0.1 at 2017-09-30 14:42:21 -0700
  [1m[36mActiveRecord::SchemaMigration Load (0.6ms)[0m  [1m[34mSELECT "schema_migrations".* FROM "schema_migrations"[0m
Processing by ProjectsController#new as HTML
  Rendering projects/new.html.erb within layouts/application
  Rendered projects/_form.html.erb (45.8ms)
  Rendered projects/new.html.erb within layouts/application (53.3ms)
Completed 200 OK in 495ms (Views: 458.5ms | ActiveRecord: 2.2ms)


Started GET "/projects" for 127.0.0.1 at 2017-09-30 14:42:24 -0700
Processing by ProjectsController#index as HTML
  Rendering projects/index.html.erb within layouts/application
  [1m[36mProject Load (1.2ms)[0m  [1m[34mSELECT "projects".* FROM "projects"[0m
  Rendered projects/index.html.erb within layouts/application (10.5ms)
Completed 200 OK in 56ms (Views: 49.8ms | ActiveRecord: 1.2ms)


  [1m[35m (0.1ms)[0m  [1m[36mbegin transaction[0m
  [1m[35mSQL (2.2ms)[0m  [1m[32mINSERT INTO "projects" ("title", "description", "created_at", "updated_at") VALUES (?, ?, ?, ?)[0m  [["title", "Project 0"], ["description", "My cool description"], ["created_at", "2017-09-30 21:47:24.887323"], ["updated_at", "2017-09-30 21:47:24.887323"]]
  [1m[35m (1.1ms)[0m  [1m[36mcommit transaction[0m
  [1m[35m (0.1ms)[0m  [1m[36mbegin transaction[0m
  [1m[35mSQL (0.3ms)[0m  [1m[32mINSERT INTO "projects" ("title", "description", "created_at", "updated_at") VALUES (?, ?, ?, ?)[0m  [["title", "Project 1"], ["description", "My cool description"], ["created_at", "2017-09-30 21:47:24.911350"], ["updated_at", "2017-09-30 21:47:24.911350"]]
  [1m[35m (1.1ms)[0m  [1m[36mcommit transaction[0m
  [1m[35m (0.1ms)[0m  [1m[36mbegin transaction[0m
  [1m[35mSQL (0.4ms)[0m  [1m[32mINSERT INTO "projects" ("title", "description", "created_at", "updated_at") VALUES (?, ?, ?, ?)[0m  [["title", "Project 2"], ["description", "My cool description"], ["created_at", "2017-09-30 21:47:24.915109"], ["updated_at", "2017-09-30 21:47:24.915109"]]
  [1m[35m (0.9ms)[0m  [1m[36mcommit transaction[0m
  [1m[35m (0.2ms)[0m  [1m[36mbegin transaction[0m
  [1m[35mSQL (0.6ms)[0m  [1m[32mINSERT INTO "projects" ("title", "description", "created_at", "updated_at") VALUES (?, ?, ?, ?)[0m  [["title", "Project 3"], ["description", "My cool description"], ["created_at", "2017-09-30 21:47:24.919231"], ["updated_at", "2017-09-30 21:47:24.919231"]]
  [1m[35m (1.0ms)[0m  [1m[36mcommit transaction[0m
  [1m[35m (0.1ms)[0m  [1m[36mbegin transaction[0m
  [1m[35mSQL (0.4ms)[0m  [1m[32mINSERT INTO "projects" ("title", "description", "created_at", "updated_at") VALUES (?, ?, ?, ?)[0m  [["title", "Project 4"], ["description", "My cool description"], ["created_at", "2017-09-30 21:47:24.923847"], ["updated_at", "2017-09-30 21:47:24.923847"]]
  [1m[35m (0.9ms)[0m  [1m[36mcommit transaction[0m
  [1m[35m (0.1ms)[0m  [1m[36mbegin transaction[0m
  [1m[35mSQL (0.4ms)[0m  [1m[32mINSERT INTO "projects" ("title", "description", "created_at", "updated_at") VALUES (?, ?, ?, ?)[0m  [["title", "Project 5"], ["description", "My cool description"], ["created_at", "2017-09-30 21:47:24.927573"], ["updated_at", "2017-09-30 21:47:24.927573"]]
  [1m[35m (3.3ms)[0m  [1m[36mcommit transaction[0m
  [1m[35m (1.0ms)[0m  [1m[36mbegin transaction[0m
  [1m[35mSQL (0.4ms)[0m  [1m[32mINSERT INTO "projects" ("title", "description", "created_at", "updated_at") VALUES (?, ?, ?, ?)[0m  [["title", "Project 6"], ["description", "My cool description"], ["created_at", "2017-09-30 21:47:24.934951"], ["updated_at", "2017-09-30 21:47:24.934951"]]
  [1m[35m (1.1ms)[0m  [1m[36mcommit transaction[0m
  [1m[35m (0.1ms)[0m  [1m[36mbegin transaction[0m
  [1m[35mSQL (0.6ms)[0m  [1m[32mINSERT INTO "projects" ("title", "description", "created_at", "updated_at") VALUES (?, ?, ?, ?)[0m  [["title", "Project 7"], ["description", "My cool description"], ["created_at", "2017-09-30 21:47:24.939609"], ["updated_at", "2017-09-30 21:47:24.939609"]]
  [1m[35m (1.3ms)[0m  [1m[36mcommit transaction[0m
  [1m[35m (0.1ms)[0m  [1m[36mbegin transaction[0m
  [1m[35mSQL (0.4ms)[0m  [1m[32mINSERT INTO "projects" ("title", "description", "created_at", "updated_at") VALUES (?, ?, ?, ?)[0m  [["title", "Project 8"], ["description", "My cool description"], ["created_at", "2017-09-30 21:47:24.946263"], ["updated_at", "2017-09-30 21:47:24.946263"]]
  [1m[35m (2.0ms)[0m  [1m[36mcommit transaction[0m
  [1m[35m (0.2ms)[0m  [1m[36mbegin transaction[0m
  [1m[35mSQL (0.5ms)[0m  [1m[32mINSERT INTO "projects" ("title", "description", "created_at", "updated_at") VALUES (?, ?, ?, ?)[0m  [["title", "Project 9"], ["description", "My cool description"], ["created_at", "2017-09-30 21:47:24.954281"], ["updated_at", "2017-09-30 21:47:24.954281"]]
  [1m[35m (1.4ms)[0m  [1m[36mcommit transaction[0m
Started GET "/projects" for 127.0.0.1 at 2017-09-30 14:48:07 -0700
Processing by ProjectsController#index as HTML
  Rendering projects/index.html.erb within layouts/application
  [1m[36mProject Load (4.4ms)[0m  [1m[34mSELECT "projects".* FROM "projects"[0m
  Rendered projects/index.html.erb within layouts/application (18.9ms)
Completed 200 OK in 170ms (Views: 160.6ms | ActiveRecord: 4.4ms)


  [1m[36mProject Load (2.7ms)[0m  [1m[34mSELECT "projects".* FROM "projects"[0m
  [1m[36mProject Load (0.6ms)[0m  [1m[34mSELECT  "projects".* FROM "projects" ORDER BY "projects"."id" DESC LIMIT ?[0m  [["LIMIT", 1]]
  [1m[36mProject Load (0.2ms)[0m  [1m[34mSELECT  "projects".* FROM "projects" ORDER BY "projects"."id" DESC LIMIT ?[0m  [["LIMIT", 1]]
  [1m[35m (0.3ms)[0m  [1m[36mbegin transaction[0m
  [1m[35mSQL (1.4ms)[0m  [1m[33mUPDATE "projects" SET "title" = ?, "updated_at" = ? WHERE "projects"."id" = ?[0m  [["title", "My Cool Title"], ["updated_at", "2017-09-30 21:53:40.461049"], ["id", 11]]
  [1m[35m (4.0ms)[0m  [1m[36mcommit transaction[0m
Started GET "/projects" for 127.0.0.1 at 2017-09-30 14:53:45 -0700
Processing by ProjectsController#index as HTML
  Rendering projects/index.html.erb within layouts/application
  [1m[36mProject Load (1.2ms)[0m  [1m[34mSELECT "projects".* FROM "projects"[0m
  Rendered projects/index.html.erb within layouts/application (28.4ms)
Completed 200 OK in 138ms (Views: 124.1ms | ActiveRecord: 1.2ms)


Started GET "/projects" for 127.0.0.1 at 2017-09-30 14:54:05 -0700
Processing by ProjectsController#index as HTML
  Rendering projects/index.html.erb within layouts/application
  [1m[36mProject Load (0.5ms)[0m  [1m[34mSELECT "projects".* FROM "projects"[0m
  Rendered projects/index.html.erb within layouts/application (10.7ms)
Completed 200 OK in 69ms (Views: 65.2ms | ActiveRecord: 0.5ms)


  [1m[35mSQL (2.9ms)[0m  [1m[31mDELETE FROM "projects" WHERE "projects"."id" = ?[0m  [["id", 11]]
  [1m[36mProject Load (0.4ms)[0m  [1m[34mSELECT  "projects".* FROM "projects" ORDER BY "projects"."id" DESC LIMIT ?[0m  [["LIMIT", 1]]
Started GET "/projects" for 127.0.0.1 at 2017-09-30 14:54:25 -0700
Processing by ProjectsController#index as HTML
  Rendering projects/index.html.erb within layouts/application
  [1m[36mProject Load (0.3ms)[0m  [1m[34mSELECT "projects".* FROM "projects"[0m
  Rendered projects/index.html.erb within layouts/application (9.5ms)
Completed 200 OK in 72ms (Views: 65.9ms | ActiveRecord: 0.3ms)


  [1m[36mProject Load (0.6ms)[0m  [1m[34mSELECT "projects".* FROM "projects"[0m
  [1m[36mProject Load (0.3ms)[0m  [1m[34mSELECT  "projects".* FROM "projects" WHERE "projects"."id" = ? LIMIT ?[0m  [["id", 5], ["LIMIT", 1]]
Started GET "/" for 127.0.0.1 at 2017-10-03 02:19:09 -0700
  [1m[36mActiveRecord::SchemaMigration Load (0.5ms)[0m  [1m[34mSELECT "schema_migrations".* FROM "schema_migrations"[0m
Processing by Rails::WelcomeController#index as HTML
  Parameters: {"internal"=>true}
  Rendering /Users/michaelfox/.rvm/gems/ruby-2.3.3/gems/railties-5.0.6/lib/rails/templates/rails/welcome/index.html.erb
  Rendered /Users/michaelfox/.rvm/gems/ruby-2.3.3/gems/railties-5.0.6/lib/rails/templates/rails/welcome/index.html.erb (8.9ms)
Completed 200 OK in 38ms (Views: 18.7ms | ActiveRecord: 0.0ms)


Started GET "/projects" for 127.0.0.1 at 2017-10-03 02:19:25 -0700
Processing by ProjectsController#index as HTML
  Rendering projects/index.html.erb within layouts/application
  [1m[36mProject Load (0.8ms)[0m  [1m[34mSELECT "projects".* FROM "projects"[0m
  Rendered projects/index.html.erb within layouts/application (21.2ms)
Completed 200 OK in 605ms (Views: 595.7ms | ActiveRecord: 1.4ms)


Started GET "/pages/about" for 127.0.0.1 at 2017-10-03 02:19:28 -0700
Processing by PagesController#about as HTML
  Rendering pages/about.html.erb within layouts/application
  Rendered pages/about.html.erb within layouts/application (0.5ms)
Completed 200 OK in 54ms (Views: 49.3ms | ActiveRecord: 0.0ms)


Started GET "/pages/about" for 127.0.0.1 at 2017-10-03 02:22:15 -0700
  
ArgumentError (Missing :controller key on routes definition, please check your routes.):
  
config/routes.rb:4:in `block in <top (required)>'
config/routes.rb:1:in `<top (required)>'
  Rendering /Users/michaelfox/.rvm/gems/ruby-2.3.3/gems/actionpack-5.0.6/lib/action_dispatch/middleware/templates/rescues/diagnostics.html.erb within rescues/layout
  Rendering /Users/michaelfox/.rvm/gems/ruby-2.3.3/gems/actionpack-5.0.6/lib/action_dispatch/middleware/templates/rescues/_source.html.erb
  Rendered /Users/michaelfox/.rvm/gems/ruby-2.3.3/gems/actionpack-5.0.6/lib/action_dispatch/middleware/templates/rescues/_source.html.erb (4.3ms)
  Rendering /Users/michaelfox/.rvm/gems/ruby-2.3.3/gems/actionpack-5.0.6/lib/action_dispatch/middleware/templates/rescues/_trace.html.erb
  Rendered /Users/michaelfox/.rvm/gems/ruby-2.3.3/gems/actionpack-5.0.6/lib/action_dispatch/middleware/templates/rescues/_trace.html.erb (3.7ms)
  Rendering /Users/michaelfox/.rvm/gems/ruby-2.3.3/gems/actionpack-5.0.6/lib/action_dispatch/middleware/templates/rescues/_request_and_response.html.erb
  Rendered /Users/michaelfox/.rvm/gems/ruby-2.3.3/gems/actionpack-5.0.6/lib/action_dispatch/middleware/templates/rescues/_request_and_response.html.erb (1.4ms)
  Rendered /Users/michaelfox/.rvm/gems/ruby-2.3.3/gems/actionpack-5.0.6/lib/action_dispatch/middleware/templates/rescues/diagnostics.html.erb within rescues/layout (105.1ms)
Started GET "/about" for 127.0.0.1 at 2017-10-03 02:22:18 -0700
  
ActionController::RoutingError (No route matches [GET] "/about"):
  
actionpack (5.0.6) lib/action_dispatch/middleware/debug_exceptions.rb:53:in `call'
web-console (3.5.1) lib/web_console/middleware.rb:135:in `call_app'
web-console (3.5.1) lib/web_console/middleware.rb:28:in `block in call'
web-console (3.5.1) lib/web_console/middleware.rb:18:in `catch'
web-console (3.5.1) lib/web_console/middleware.rb:18:in `call'
actionpack (5.0.6) lib/action_dispatch/middleware/show_exceptions.rb:31:in `call'
railties (5.0.6) lib/rails/rack/logger.rb:36:in `call_app'
railties (5.0.6) lib/rails/rack/logger.rb:24:in `block in call'
activesupport (5.0.6) lib/active_support/tagged_logging.rb:69:in `block in tagged'
activesupport (5.0.6) lib/active_support/tagged_logging.rb:26:in `tagged'
activesupport (5.0.6) lib/active_support/tagged_logging.rb:69:in `tagged'
railties (5.0.6) lib/rails/rack/logger.rb:24:in `call'
sprockets-rails (3.2.1) lib/sprockets/rails/quiet_assets.rb:13:in `call'
actionpack (5.0.6) lib/action_dispatch/middleware/request_id.rb:24:in `call'
rack (2.0.3) lib/rack/method_override.rb:22:in `call'
rack (2.0.3) lib/rack/runtime.rb:22:in `call'
activesupport (5.0.6) lib/active_support/cache/strategy/local_cache_middleware.rb:28:in `call'
actionpack (5.0.6) lib/action_dispatch/middleware/executor.rb:12:in `call'
actionpack (5.0.6) lib/action_dispatch/middleware/static.rb:136:in `call'
rack (2.0.3) lib/rack/sendfile.rb:111:in `call'
railties (5.0.6) lib/rails/engine.rb:522:in `call'
puma (3.10.0) lib/puma/configuration.rb:225:in `call'
puma (3.10.0) lib/puma/server.rb:605:in `handle_request'
puma (3.10.0) lib/puma/server.rb:437:in `process_client'
puma (3.10.0) lib/puma/server.rb:301:in `block in run'
puma (3.10.0) lib/puma/thread_pool.rb:120:in `block in spawn_thread'
  Rendering /Users/michaelfox/.rvm/gems/ruby-2.3.3/gems/actionpack-5.0.6/lib/action_dispatch/middleware/templates/rescues/routing_error.html.erb within rescues/layout
  Rendering /Users/michaelfox/.rvm/gems/ruby-2.3.3/gems/actionpack-5.0.6/lib/action_dispatch/middleware/templates/rescues/_trace.html.erb
  Rendered /Users/michaelfox/.rvm/gems/ruby-2.3.3/gems/actionpack-5.0.6/lib/action_dispatch/middleware/templates/rescues/_trace.html.erb (1.2ms)
  Rendered collection of /Users/michaelfox/.rvm/gems/ruby-2.3.3/gems/actionpack-5.0.6/lib/action_dispatch/middleware/templates/routes/_route.html.erb [1 times] (12.0ms)
  Rendered /Users/michaelfox/.rvm/gems/ruby-2.3.3/gems/actionpack-5.0.6/lib/action_dispatch/middleware/templates/routes/_table.html.erb (17.8ms)
  Rendering /Users/michaelfox/.rvm/gems/ruby-2.3.3/gems/actionpack-5.0.6/lib/action_dispatch/middleware/templates/rescues/_request_and_response.html.erb
  Rendered /Users/michaelfox/.rvm/gems/ruby-2.3.3/gems/actionpack-5.0.6/lib/action_dispatch/middleware/templates/rescues/_request_and_response.html.erb (1.4ms)
  Rendered /Users/michaelfox/.rvm/gems/ruby-2.3.3/gems/actionpack-5.0.6/lib/action_dispatch/middleware/templates/rescues/routing_error.html.erb within rescues/layout (130.3ms)
Started GET "/about" for 127.0.0.1 at 2017-10-03 02:22:51 -0700
Processing by PagesController#about as HTML
  Rendering pages/about.html.erb within layouts/application
  Rendered pages/about.html.erb within layouts/application (0.5ms)
Completed 200 OK in 66ms (Views: 61.1ms | ActiveRecord: 0.0ms)


Started GET "/about" for 127.0.0.1 at 2017-10-03 02:23:41 -0700
Processing by PagesController#about as HTML
  Rendering pages/about.html.erb within layouts/application
  Rendered pages/about.html.erb within layouts/application (0.7ms)
Completed 200 OK in 42ms (Views: 39.5ms | ActiveRecord: 0.0ms)


Started GET "/contact" for 127.0.0.1 at 2017-10-03 02:23:45 -0700
Processing by PagesController#contact as HTML
  Rendering pages/contact.html.erb within layouts/application
  Rendered pages/contact.html.erb within layouts/application (0.6ms)
Completed 200 OK in 38ms (Views: 34.7ms | ActiveRecord: 0.0ms)


Started GET "/contact" for 127.0.0.1 at 2017-10-03 02:26:10 -0700
Processing by PagesController#contact as HTML
  Rendering pages/contact.html.erb within layouts/application
  Rendered pages/contact.html.erb within layouts/application (0.4ms)
Completed 200 OK in 55ms (Views: 50.0ms | ActiveRecord: 0.0ms)


Started GET "/about" for 127.0.0.1 at 2017-10-03 02:26:12 -0700
Processing by PagesController#about as HTML
  Rendering pages/about.html.erb within layouts/application
  Rendered pages/about.html.erb within layouts/application (0.6ms)
Completed 200 OK in 55ms (Views: 51.5ms | ActiveRecord: 0.0ms)


Started GET "/about" for 127.0.0.1 at 2017-10-03 02:27:07 -0700
Processing by PagesController#about as HTML
  Rendering pages/about.html.erb within layouts/application
  Rendered pages/about.html.erb within layouts/application (0.9ms)
Completed 200 OK in 56ms (Views: 51.4ms | ActiveRecord: 0.0ms)


Started GET "/" for 127.0.0.1 at 2017-10-03 02:28:07 -0700
Processing by PagesController#home as HTML
  Rendering pages/home.html.erb within layouts/application
  Rendered pages/home.html.erb within layouts/application (0.5ms)
Completed 200 OK in 60ms (Views: 54.1ms | ActiveRecord: 0.0ms)


Started GET "/" for 127.0.0.1 at 2017-10-03 02:31:00 -0700
Processing by PagesController#home as HTML
  Rendering pages/home.html.erb within layouts/application
  [1m[36mProject Load (1.1ms)[0m  [1m[34mSELECT "projects".* FROM "projects"[0m
  Rendered pages/home.html.erb within layouts/application (22.1ms)
Completed 200 OK in 107ms (Views: 88.0ms | ActiveRecord: 2.3ms)


Started GET "/" for 127.0.0.1 at 2017-10-03 02:32:23 -0700
Processing by PagesController#home as HTML
  Rendering pages/home.html.erb within layouts/application
  [1m[36mProject Load (0.3ms)[0m  [1m[34mSELECT "projects".* FROM "projects"[0m
  Rendered pages/home.html.erb within layouts/application (2.0ms)
Completed 200 OK in 80ms (Views: 66.1ms | ActiveRecord: 0.3ms)


Started GET "/" for 127.0.0.1 at 2017-10-03 02:32:41 -0700
Processing by PagesController#home as HTML
  Rendering pages/home.html.erb within layouts/application
  [1m[36mProject Load (0.9ms)[0m  [1m[34mSELECT "projects".* FROM "projects"[0m
  Rendered pages/home.html.erb within layouts/application (3.1ms)
Completed 200 OK in 90ms (Views: 83.7ms | ActiveRecord: 0.9ms)


Started GET "/" for 127.0.0.1 at 2017-10-03 02:35:24 -0700
Processing by PagesController#home as HTML
  Rendering pages/home.html.erb within layouts/application
  [1m[36mProject Load (1.0ms)[0m  [1m[34mSELECT "projects".* FROM "projects"[0m
  Rendered pages/home.html.erb within layouts/application (4.1ms)
Completed 200 OK in 84ms (Views: 78.8ms | ActiveRecord: 1.0ms)


Started GET "/" for 127.0.0.1 at 2017-10-03 02:36:34 -0700
Processing by PagesController#home as HTML
  Rendering pages/home.html.erb within layouts/application
  [1m[36mProject Load (0.4ms)[0m  [1m[34mSELECT "projects".* FROM "projects"[0m
  Rendered pages/home.html.erb within layouts/application (2.7ms)
Completed 200 OK in 90ms (Views: 84.6ms | ActiveRecord: 0.4ms)


Started GET "/" for 127.0.0.1 at 2017-10-03 02:37:30 -0700
Processing by PagesController#home as HTML
  Rendering pages/home.html.erb within layouts/application
  [1m[36mProject Load (0.3ms)[0m  [1m[34mSELECT "projects".* FROM "projects"[0m
  Rendered pages/home.html.erb within layouts/application (4.7ms)
Completed 200 OK in 111ms (Views: 100.6ms | ActiveRecord: 0.3ms)


Started GET "/projects" for 127.0.0.1 at 2017-10-03 02:37:53 -0700
Processing by ProjectsController#index as HTML
  Rendering projects/index.html.erb within layouts/application
  [1m[36mProject Load (1.1ms)[0m  [1m[34mSELECT "projects".* FROM "projects"[0m
  Rendered projects/index.html.erb within layouts/application (8.4ms)
Completed 200 OK in 77ms (Views: 71.0ms | ActiveRecord: 1.1ms)


Started GET "/projects" for 127.0.0.1 at 2017-10-03 02:39:47 -0700
Processing by ProjectsController#index as HTML
  Rendering projects/index.html.erb within layouts/application
  [1m[36mProject Load (4.7ms)[0m  [1m[34mSELECT "projects".* FROM "projects"[0m
  Rendered projects/index.html.erb within layouts/application (16.9ms)
Completed 200 OK in 81ms (Views: 70.7ms | ActiveRecord: 4.7ms)


Started GET "/" for 127.0.0.1 at 2017-10-03 02:39:50 -0700
Processing by PagesController#home as HTML
  Rendering pages/home.html.erb within layouts/application
  [1m[36mProject Load (0.5ms)[0m  [1m[34mSELECT "projects".* FROM "projects"[0m
  Rendered pages/home.html.erb within layouts/application (5.9ms)
Completed 200 OK in 61ms (Views: 57.1ms | ActiveRecord: 0.5ms)


Started GET "/" for 127.0.0.1 at 2017-10-03 02:39:54 -0700
Processing by PagesController#home as HTML
  Rendering pages/home.html.erb within layouts/application
  [1m[36mProject Load (0.4ms)[0m  [1m[34mSELECT "projects".* FROM "projects"[0m
  Rendered pages/home.html.erb within layouts/application (2.4ms)
Completed 200 OK in 56ms (Views: 52.0ms | ActiveRecord: 0.4ms)


Started GET "/" for 127.0.0.1 at 2017-10-03 13:27:23 -0700
Processing by PagesController#home as HTML
  Rendering pages/home.html.erb within layouts/application
  [1m[36mProject Load (1.7ms)[0m  [1m[34mSELECT "projects".* FROM "projects"[0m
  Rendered pages/home.html.erb within layouts/application (31.9ms)
Completed 200 OK in 119ms (Views: 101.0ms | ActiveRecord: 2.9ms)


Started GET "/contact" for 127.0.0.1 at 2017-10-03 13:27:29 -0700
Processing by PagesController#contact as HTML
  Rendering pages/contact.html.erb within layouts/application
  Rendered pages/contact.html.erb within layouts/application (1.8ms)
Completed 200 OK in 76ms (Views: 70.8ms | ActiveRecord: 0.0ms)


Started GET "/blog" for 127.0.0.1 at 2017-10-03 13:27:34 -0700
Started GET "/contact" for 127.0.0.1 at 2017-10-03 13:31:39 -0700
Processing by PagesController#contact as HTML
  Rendering pages/contact.html.erb within layouts/application
  Rendered pages/contact.html.erb within layouts/application (0.9ms)
Completed 200 OK in 63ms (Views: 59.7ms | ActiveRecord: 0.0ms)


Started GET "/er" for 127.0.0.1 at 2017-10-03 13:31:43 -0700
Started GET "/error" for 127.0.0.1 at 2017-10-03 13:31:43 -0700
Processing by PagesController#error as HTML
  Rendering pages/error.html.erb within layouts/application
  Rendered pages/error.html.erb within layouts/application (2.8ms)
Completed 200 OK in 75ms (Views: 45.0ms | ActiveRecord: 0.0ms)


Started GET "/" for 127.0.0.1 at 2017-10-03 13:31:46 -0700
Processing by PagesController#home as HTML
  Rendering pages/home.html.erb within layouts/application
  [1m[36mProject Load (0.7ms)[0m  [1m[34mSELECT "projects".* FROM "projects"[0m
  Rendered pages/home.html.erb within layouts/application (16.5ms)
Completed 200 OK in 64ms (Views: 52.1ms | ActiveRecord: 1.9ms)


Started GET "/about" for 127.0.0.1 at 2017-10-03 13:32:02 -0700
Processing by PagesController#about as HTML
  Rendering pages/about.html.erb within layouts/application
  Rendered pages/about.html.erb within layouts/application (1.1ms)
Completed 200 OK in 60ms (Views: 55.4ms | ActiveRecord: 0.0ms)


Started GET "/blog" for 127.0.0.1 at 2017-10-03 13:32:04 -0700
Started GET "/yahoo" for 127.0.0.1 at 2017-10-03 13:32:08 -0700
Started GET "/error" for 127.0.0.1 at 2017-10-03 13:32:08 -0700
Processing by PagesController#error as HTML
  Rendering pages/error.html.erb within layouts/application
  Rendered pages/error.html.erb within layouts/application (2.7ms)
Completed 200 OK in 51ms (Views: 47.8ms | ActiveRecord: 0.0ms)


Started GET "/" for 127.0.0.1 at 2017-10-03 13:32:23 -0700
Processing by PagesController#home as HTML
  Rendering pages/home.html.erb within layouts/application
  [1m[36mProject Load (0.2ms)[0m  [1m[34mSELECT "projects".* FROM "projects"[0m
  Rendered pages/home.html.erb within layouts/application (1.8ms)
Completed 200 OK in 44ms (Views: 40.7ms | ActiveRecord: 0.2ms)


Started GET "/" for 127.0.0.1 at 2017-10-03 13:51:37 -0700
Processing by PagesController#home as HTML
  Rendering pages/home.html.erb within layouts/application
  [1m[36mProject Load (1.4ms)[0m  [1m[34mSELECT "projects".* FROM "projects"[0m
  Rendered pages/home.html.erb within layouts/application (15.5ms)
Completed 200 OK in 119ms (Views: 102.6ms | ActiveRecord: 1.4ms)


Started GET "/blog" for 127.0.0.1 at 2017-10-03 13:51:39 -0700
Started GET "/blog" for 127.0.0.1 at 2017-10-03 13:51:40 -0700
Started GET "/" for 127.0.0.1 at 2017-10-03 13:51:41 -0700
Processing by PagesController#home as HTML
  Rendering pages/home.html.erb within layouts/application
  [1m[36mProject Load (1.2ms)[0m  [1m[34mSELECT "projects".* FROM "projects"[0m
  Rendered pages/home.html.erb within layouts/application (5.0ms)
Completed 200 OK in 59ms (Views: 54.8ms | ActiveRecord: 1.2ms)


Started GET "/projects" for 127.0.0.1 at 2017-10-03 13:51:42 -0700
Processing by ProjectsController#index as HTML
  Rendering projects/index.html.erb within layouts/application
  [1m[36mProject Load (0.8ms)[0m  [1m[34mSELECT "projects".* FROM "projects"[0m
  Rendered projects/index.html.erb within layouts/application (14.8ms)
Completed 200 OK in 91ms (Views: 81.6ms | ActiveRecord: 0.8ms)


Started GET "/" for 127.0.0.1 at 2017-10-03 13:51:43 -0700
Processing by PagesController#home as HTML
  Rendering pages/home.html.erb within layouts/application
  [1m[36mProject Load (0.5ms)[0m  [1m[34mSELECT "projects".* FROM "projects"[0m
  Rendered pages/home.html.erb within layouts/application (5.1ms)
Completed 200 OK in 119ms (Views: 111.9ms | ActiveRecord: 0.5ms)


Started GET "/about" for 127.0.0.1 at 2017-10-03 13:51:44 -0700
Processing by PagesController#about as HTML
  Rendering pages/about.html.erb within layouts/application
  Rendered pages/about.html.erb within layouts/application (0.6ms)
Completed 200 OK in 50ms (Views: 47.7ms | ActiveRecord: 0.0ms)


Started GET "/contact" for 127.0.0.1 at 2017-10-03 13:51:44 -0700
Processing by PagesController#contact as HTML
  Rendering pages/contact.html.erb within layouts/application
  Rendered pages/contact.html.erb within layouts/application (1.1ms)
Completed 200 OK in 79ms (Views: 74.1ms | ActiveRecord: 0.0ms)


Started GET "/projects" for 127.0.0.1 at 2017-10-03 13:51:45 -0700
Processing by ProjectsController#index as HTML
  Rendering projects/index.html.erb within layouts/application
  [1m[36mProject Load (0.2ms)[0m  [1m[34mSELECT "projects".* FROM "projects"[0m
  Rendered projects/index.html.erb within layouts/application (7.5ms)
Completed 200 OK in 79ms (Views: 74.7ms | ActiveRecord: 0.2ms)


Started GET "/projects" for 127.0.0.1 at 2017-10-03 14:22:33 -0700
Processing by ProjectsController#index as HTML
  Rendering projects/index.html.erb within layouts/application
  [1m[36mProject Load (0.5ms)[0m  [1m[34mSELECT "projects".* FROM "projects"[0m
  Rendered projects/index.html.erb within layouts/application (19.8ms)
  Rendered shared/_nav.html.erb (14.5ms)
Completed 200 OK in 221ms (Views: 214.3ms | ActiveRecord: 0.5ms)


Started GET "/" for 127.0.0.1 at 2017-10-03 14:22:35 -0700
Processing by PagesController#home as HTML
  Rendering pages/home.html.erb within layouts/application
  [1m[36mProject Load (0.4ms)[0m  [1m[34mSELECT "projects".* FROM "projects"[0m
  Rendered pages/home.html.erb within layouts/application (3.1ms)
  Rendered shared/_nav.html.erb (7.1ms)
Completed 200 OK in 107ms (Views: 101.8ms | ActiveRecord: 0.4ms)


Started GET "/about" for 127.0.0.1 at 2017-10-03 14:22:36 -0700
Processing by PagesController#about as HTML
  Rendering pages/about.html.erb within layouts/application
  Rendered pages/about.html.erb within layouts/application (2.2ms)
  Rendered shared/_nav.html.erb (7.3ms)
Completed 200 OK in 125ms (Views: 121.0ms | ActiveRecord: 0.0ms)


Started GET "/contact" for 127.0.0.1 at 2017-10-03 14:22:37 -0700
Processing by PagesController#contact as HTML
  Rendering pages/contact.html.erb within layouts/application
  Rendered pages/contact.html.erb within layouts/application (7.1ms)
  Rendered shared/_nav.html.erb (10.2ms)
Completed 200 OK in 141ms (Views: 129.9ms | ActiveRecord: 0.0ms)


Started GET "/projects" for 127.0.0.1 at 2017-10-03 14:22:37 -0700
Processing by ProjectsController#index as HTML
  Rendering projects/index.html.erb within layouts/application
  [1m[36mProject Load (0.4ms)[0m  [1m[34mSELECT "projects".* FROM "projects"[0m
  Rendered projects/index.html.erb within layouts/application (6.3ms)
  Rendered shared/_nav.html.erb (2.7ms)
Completed 200 OK in 108ms (Views: 103.6ms | ActiveRecord: 0.4ms)


Started GET "/about" for 127.0.0.1 at 2017-10-03 14:22:38 -0700
Processing by PagesController#about as HTML
  Rendering pages/about.html.erb within layouts/application
  Rendered pages/about.html.erb within layouts/application (1.0ms)
  Rendered shared/_nav.html.erb (7.9ms)
Completed 200 OK in 159ms (Views: 153.5ms | ActiveRecord: 0.0ms)


Started GET "/contact" for 127.0.0.1 at 2017-10-03 14:22:38 -0700
Processing by PagesController#contact as HTML
  Rendering pages/contact.html.erb within layouts/application
  Rendered pages/contact.html.erb within layouts/application (0.7ms)
  Rendered shared/_nav.html.erb (1.0ms)
Completed 200 OK in 89ms (Views: 86.5ms | ActiveRecord: 0.0ms)


Started GET "/" for 127.0.0.1 at 2017-10-03 14:22:39 -0700
Processing by PagesController#home as HTML
  Rendering pages/home.html.erb within layouts/application
  [1m[36mProject Load (0.8ms)[0m  [1m[34mSELECT "projects".* FROM "projects"[0m
  Rendered pages/home.html.erb within layouts/application (3.3ms)
  Rendered shared/_nav.html.erb (1.0ms)
Completed 200 OK in 107ms (Views: 101.0ms | ActiveRecord: 0.8ms)


Started GET "/" for 127.0.0.1 at 2017-10-03 14:25:20 -0700
Processing by PagesController#home as HTML
  Rendering pages/home.html.erb within layouts/application
  [1m[36mProject Load (3.5ms)[0m  [1m[34mSELECT "projects".* FROM "projects"[0m
  Rendered shared/_projects.html.erb (21.8ms)
  Rendered pages/home.html.erb within layouts/application (31.2ms)
  Rendered shared/_nav.html.erb (5.3ms)
Completed 200 OK in 226ms (Views: 196.2ms | ActiveRecord: 3.5ms)


Started GET "/projects" for 127.0.0.1 at 2017-10-03 14:25:23 -0700
Processing by ProjectsController#index as HTML
  Rendering projects/index.html.erb within layouts/application
  [1m[36mProject Load (1.1ms)[0m  [1m[34mSELECT "projects".* FROM "projects"[0m
  Rendered projects/index.html.erb within layouts/application (93.7ms)
  Rendered shared/_nav.html.erb (1.6ms)
Completed 200 OK in 287ms (Views: 259.1ms | ActiveRecord: 1.1ms)


Started GET "/" for 127.0.0.1 at 2017-10-03 14:25:25 -0700
Processing by PagesController#home as HTML
  Rendering pages/home.html.erb within layouts/application
  [1m[36mProject Load (1.1ms)[0m  [1m[34mSELECT "projects".* FROM "projects"[0m
  Rendered shared/_projects.html.erb (9.9ms)
  Rendered pages/home.html.erb within layouts/application (19.8ms)
  Rendered shared/_nav.html.erb (9.5ms)
Completed 200 OK in 192ms (Views: 179.1ms | ActiveRecord: 1.1ms)


Started GET "/projects" for 127.0.0.1 at 2017-10-03 14:25:26 -0700
Processing by ProjectsController#index as HTML
  Rendering projects/index.html.erb within layouts/application
  [1m[36mProject Load (0.4ms)[0m  [1m[34mSELECT "projects".* FROM "projects"[0m
  Rendered projects/index.html.erb within layouts/application (7.9ms)
  Rendered shared/_nav.html.erb (1.5ms)
Completed 200 OK in 110ms (Views: 106.3ms | ActiveRecord: 0.4ms)


Started GET "/contact" for 127.0.0.1 at 2017-10-03 14:25:26 -0700
Processing by PagesController#contact as HTML
  Rendering pages/contact.html.erb within layouts/application
  Rendered pages/contact.html.erb within layouts/application (0.7ms)
  Rendered shared/_nav.html.erb (1.5ms)
Completed 200 OK in 127ms (Views: 121.2ms | ActiveRecord: 0.0ms)


Started GET "/about" for 127.0.0.1 at 2017-10-03 14:25:27 -0700
Processing by PagesController#about as HTML
  Rendering pages/about.html.erb within layouts/application
  Rendered pages/about.html.erb within layouts/application (0.8ms)
  Rendered shared/_nav.html.erb (4.7ms)
Completed 200 OK in 161ms (Views: 153.4ms | ActiveRecord: 0.0ms)


Started GET "/contact" for 127.0.0.1 at 2017-10-03 14:25:29 -0700
Processing by PagesController#contact as HTML
  Rendering pages/contact.html.erb within layouts/application
  Rendered pages/contact.html.erb within layouts/application (1.3ms)
  Rendered shared/_nav.html.erb (1.3ms)
Completed 200 OK in 94ms (Views: 89.6ms | ActiveRecord: 0.0ms)


Started GET "/" for 127.0.0.1 at 2017-10-03 14:25:29 -0700
Processing by PagesController#home as HTML
  Rendering pages/home.html.erb within layouts/application
  [1m[36mProject Load (0.8ms)[0m  [1m[34mSELECT "projects".* FROM "projects"[0m
  Rendered shared/_projects.html.erb (7.8ms)
  Rendered pages/home.html.erb within layouts/application (11.7ms)
  Rendered shared/_nav.html.erb (1.2ms)
Completed 200 OK in 102ms (Views: 95.5ms | ActiveRecord: 0.8ms)


Started GET "/blog" for 127.0.0.1 at 2017-10-03 14:25:30 -0700
Started GET "/blog" for 127.0.0.1 at 2017-10-03 14:25:31 -0700
Started GET "/" for 127.0.0.1 at 2017-10-03 14:25:32 -0700
Processing by PagesController#home as HTML
  Rendering pages/home.html.erb within layouts/application
  [1m[36mProject Load (0.2ms)[0m  [1m[34mSELECT "projects".* FROM "projects"[0m
  Rendered shared/_projects.html.erb (2.1ms)
  Rendered pages/home.html.erb within layouts/application (5.3ms)
  Rendered shared/_nav.html.erb (2.6ms)
Completed 200 OK in 92ms (Views: 85.7ms | ActiveRecord: 0.2ms)


Started GET "/projects" for 127.0.0.1 at 2017-10-03 14:27:16 -0700
Processing by ProjectsController#index as HTML
  Rendering projects/index.html.erb within layouts/application
  [1m[36mProject Load (0.5ms)[0m  [1m[34mSELECT "projects".* FROM "projects"[0m
  Rendered projects/index.html.erb within layouts/application (7.6ms)
  Rendered shared/_nav.html.erb (1.5ms)
Completed 200 OK in 63ms (Views: 59.9ms | ActiveRecord: 0.5ms)


Started GET "/projects" for 127.0.0.1 at 2017-10-03 14:27:17 -0700
Processing by ProjectsController#index as HTML
  Rendering projects/index.html.erb within layouts/application
  [1m[36mProject Load (0.4ms)[0m  [1m[34mSELECT "projects".* FROM "projects"[0m
  Rendered projects/index.html.erb within layouts/application (5.6ms)
  Rendered shared/_nav.html.erb (1.4ms)
Completed 200 OK in 60ms (Views: 55.7ms | ActiveRecord: 0.4ms)


Started GET "/projects" for 127.0.0.1 at 2017-10-03 14:27:18 -0700
Processing by ProjectsController#index as HTML
  Rendering projects/index.html.erb within layouts/application
  [1m[36mProject Load (0.2ms)[0m  [1m[34mSELECT "projects".* FROM "projects"[0m
  Rendered projects/index.html.erb within layouts/application (6.3ms)
  Rendered shared/_nav.html.erb (1.3ms)
Completed 200 OK in 54ms (Views: 50.5ms | ActiveRecord: 0.2ms)


Started GET "/projects" for 127.0.0.1 at 2017-10-03 14:28:52 -0700
Processing by ProjectsController#index as HTML
  Rendering projects/index.html.erb within layouts/application
  [1m[36mProject Load (0.3ms)[0m  [1m[34mSELECT "projects".* FROM "projects"[0m
  Rendered projects/index.html.erb within layouts/application (11.1ms)
  Rendered shared/_nav.html.erb (3.1ms)
Completed 200 OK in 67ms (Views: 63.4ms | ActiveRecord: 0.3ms)


Started GET "/projects" for 127.0.0.1 at 2017-10-03 14:28:54 -0700
Processing by ProjectsController#index as HTML
  Rendering projects/index.html.erb within layouts/application
  [1m[36mProject Load (0.2ms)[0m  [1m[34mSELECT "projects".* FROM "projects"[0m
  Rendered projects/index.html.erb within layouts/application (4.6ms)
  Rendered shared/_nav.html.erb (1.1ms)
Completed 200 OK in 47ms (Views: 43.6ms | ActiveRecord: 0.2ms)


Started GET "/projects" for 127.0.0.1 at 2017-10-03 14:30:40 -0700
Processing by ProjectsController#index as HTML
  Rendering projects/index.html.erb within layouts/application
  [1m[36mProject Load (0.6ms)[0m  [1m[34mSELECT "projects".* FROM "projects"[0m
  Rendered projects/index.html.erb within layouts/application (8.0ms)
  Rendered shared/_nav.html.erb (1.5ms)
Completed 200 OK in 72ms (Views: 65.1ms | ActiveRecord: 0.6ms)


Started GET "/projects" for 127.0.0.1 at 2017-10-03 14:30:41 -0700
Processing by ProjectsController#index as HTML
  Rendering projects/index.html.erb within layouts/application
  [1m[36mProject Load (0.3ms)[0m  [1m[34mSELECT "projects".* FROM "projects"[0m
  Rendered projects/index.html.erb within layouts/application (5.6ms)
  Rendered shared/_nav.html.erb (0.7ms)
Completed 200 OK in 48ms (Views: 44.8ms | ActiveRecord: 0.3ms)


Started GET "/" for 127.0.0.1 at 2017-10-03 14:31:01 -0700
Processing by PagesController#home as HTML
  Rendering pages/home.html.erb within layouts/application
  [1m[36mProject Load (0.7ms)[0m  [1m[34mSELECT "projects".* FROM "projects"[0m
  Rendered shared/_projects.html.erb (3.2ms)
  Rendered pages/home.html.erb within layouts/application (6.2ms)
  Rendered shared/_nav.html.erb (0.9ms)
Completed 200 OK in 52ms (Views: 48.1ms | ActiveRecord: 0.7ms)


Started GET "/projects" for 127.0.0.1 at 2017-10-03 14:31:09 -0700
Processing by ProjectsController#index as HTML
  Rendering projects/index.html.erb within layouts/application
  [1m[36mProject Load (0.3ms)[0m  [1m[34mSELECT "projects".* FROM "projects"[0m
  Rendered projects/index.html.erb within layouts/application (15.1ms)
  Rendered shared/_nav.html.erb (4.3ms)
Completed 200 OK in 117ms (Views: 106.8ms | ActiveRecord: 0.3ms)


Started DELETE "/projects/1" for 127.0.0.1 at 2017-10-03 14:31:12 -0700
Processing by ProjectsController#destroy as HTML
  Parameters: {"authenticity_token"=>"UR6u1tii051C5WMuAJA5zosFU8hlU7mb6+ZGXzZQ5kq2XxYSidBZfiMIKRZCNBnv5ST2X8VRaspKx1GHma49WQ==", "id"=>"1"}
  [1m[36mProject Load (1.0ms)[0m  [1m[34mSELECT  "projects".* FROM "projects" WHERE "projects"."id" = ? LIMIT ?[0m  [["id", 1], ["LIMIT", 1]]
  [1m[35m (0.3ms)[0m  [1m[36mbegin transaction[0m
  [1m[35mSQL (1.3ms)[0m  [1m[31mDELETE FROM "projects" WHERE "projects"."id" = ?[0m  [["id", 1]]
  [1m[35m (2.0ms)[0m  [1m[36mcommit transaction[0m
Redirected to http://localhost:3000/projects
Completed 302 Found in 39ms (ActiveRecord: 4.6ms)


Started GET "/projects" for 127.0.0.1 at 2017-10-03 14:31:12 -0700
Processing by ProjectsController#index as HTML
  Rendering projects/index.html.erb within layouts/application
  [1m[36mProject Load (0.3ms)[0m  [1m[34mSELECT "projects".* FROM "projects"[0m
  Rendered projects/index.html.erb within layouts/application (5.6ms)
  Rendered shared/_nav.html.erb (1.2ms)
Completed 200 OK in 118ms (Views: 111.2ms | ActiveRecord: 0.3ms)


Started GET "/" for 127.0.0.1 at 2017-10-03 14:31:15 -0700
Processing by PagesController#home as HTML
  Rendering pages/home.html.erb within layouts/application
  [1m[36mProject Load (0.3ms)[0m  [1m[34mSELECT "projects".* FROM "projects"[0m
  Rendered shared/_projects.html.erb (2.7ms)
  Rendered pages/home.html.erb within layouts/application (8.1ms)
  Rendered shared/_nav.html.erb (4.4ms)
Completed 200 OK in 79ms (Views: 70.9ms | ActiveRecord: 0.3ms)


Started GET "/" for 127.0.0.1 at 2017-10-04 14:05:10 -0700
  [1m[36mActiveRecord::SchemaMigration Load (0.7ms)[0m  [1m[34mSELECT "schema_migrations".* FROM "schema_migrations"[0m
Processing by PagesController#home as HTML
  Rendering pages/home.html.erb within layouts/application
  [1m[36mProject Load (0.6ms)[0m  [1m[34mSELECT "projects".* FROM "projects"[0m
  Rendered shared/_projects.html.erb (12.6ms)
  Rendered pages/home.html.erb within layouts/application (17.8ms)
  Rendered shared/_nav.html.erb (0.9ms)
Completed 200 OK in 599ms (Views: 557.0ms | ActiveRecord: 1.5ms)


Started GET "/" for 127.0.0.1 at 2017-10-04 14:05:32 -0700
Processing by PagesController#home as HTML
  Rendering pages/home.html.erb within layouts/application
  [1m[36mProject Load (0.4ms)[0m  [1m[34mSELECT "projects".* FROM "projects"[0m
  Rendered shared/_projects.html.erb (2.3ms)
  Rendered pages/home.html.erb within layouts/application (4.9ms)
  Rendered shared/_nav.html.erb (0.9ms)
Completed 200 OK in 43ms (Views: 39.7ms | ActiveRecord: 0.4ms)


Started GET "/" for 127.0.0.1 at 2017-10-04 14:06:14 -0700
Processing by PagesController#home as HTML
  Rendering pages/home.html.erb within layouts/application
  [1m[36mProject Load (0.3ms)[0m  [1m[34mSELECT "projects".* FROM "projects"[0m
  Rendered shared/_projects.html.erb (2.2ms)
  Rendered pages/home.html.erb within layouts/application (6.1ms)
  Rendered shared/_nav.html.erb (0.9ms)
Completed 200 OK in 81ms (Views: 77.9ms | ActiveRecord: 0.3ms)


Started GET "/" for 127.0.0.1 at 2017-10-04 14:06:16 -0700
Processing by PagesController#home as HTML
  Rendering pages/home.html.erb within layouts/application
  [1m[36mProject Load (0.2ms)[0m  [1m[34mSELECT "projects".* FROM "projects"[0m
  Rendered shared/_projects.html.erb (2.0ms)
  Rendered pages/home.html.erb within layouts/application (4.6ms)
  Rendered shared/_nav.html.erb (1.2ms)
Completed 200 OK in 50ms (Views: 47.2ms | ActiveRecord: 0.2ms)


Started GET "/about" for 127.0.0.1 at 2017-10-04 14:06:19 -0700
Processing by PagesController#about as HTML
  Rendering pages/about.html.erb within layouts/application
  Rendered pages/about.html.erb within layouts/application (0.5ms)
  Rendered shared/_nav.html.erb (1.8ms)
Completed 200 OK in 59ms (Views: 55.5ms | ActiveRecord: 0.0ms)


Started GET "/contact" for 127.0.0.1 at 2017-10-04 14:06:20 -0700
Processing by PagesController#contact as HTML
  Rendering pages/contact.html.erb within layouts/application
  Rendered pages/contact.html.erb within layouts/application (0.4ms)
  Rendered shared/_nav.html.erb (2.3ms)
Completed 200 OK in 65ms (Views: 61.0ms | ActiveRecord: 0.0ms)


Started GET "/projects" for 127.0.0.1 at 2017-10-04 14:06:20 -0700
Processing by ProjectsController#index as HTML
  Rendering projects/index.html.erb within layouts/application
  [1m[36mProject Load (0.3ms)[0m  [1m[34mSELECT "projects".* FROM "projects"[0m
  Rendered projects/index.html.erb within layouts/application (8.3ms)
  Rendered shared/_nav.html.erb (1.8ms)
Completed 200 OK in 55ms (Views: 51.2ms | ActiveRecord: 0.3ms)


Started GET "/" for 127.0.0.1 at 2017-10-04 14:06:21 -0700
Processing by PagesController#home as HTML
  Rendering pages/home.html.erb within layouts/application
  [1m[36mProject Load (0.4ms)[0m  [1m[34mSELECT "projects".* FROM "projects"[0m
  Rendered shared/_projects.html.erb (2.0ms)
  Rendered pages/home.html.erb within layouts/application (4.8ms)
  Rendered shared/_nav.html.erb (1.4ms)
Completed 200 OK in 61ms (Views: 58.2ms | ActiveRecord: 0.4ms)


Started GET "/" for 127.0.0.1 at 2017-10-04 14:06:52 -0700
Processing by PagesController#home as HTML
  Rendering pages/home.html.erb within layouts/application
  [1m[36mProject Load (0.7ms)[0m  [1m[34mSELECT "projects".* FROM "projects"[0m
  Rendered shared/_projects.html.erb (2.9ms)
  Rendered pages/home.html.erb within layouts/application (8.0ms)
  Rendered shared/_nav.html.erb (1.6ms)
Completed 200 OK in 69ms (Views: 64.2ms | ActiveRecord: 0.7ms)


Started GET "/" for 127.0.0.1 at 2017-10-04 14:06:53 -0700
Processing by PagesController#home as HTML
  Rendering pages/home.html.erb within layouts/application
  [1m[36mProject Load (0.5ms)[0m  [1m[34mSELECT "projects".* FROM "projects"[0m
  Rendered shared/_projects.html.erb (2.5ms)
  Rendered pages/home.html.erb within layouts/application (6.6ms)
  Rendered shared/_nav.html.erb (0.9ms)
Completed 200 OK in 65ms (Views: 60.7ms | ActiveRecord: 0.5ms)


Started GET "/" for 127.0.0.1 at 2017-10-04 14:09:13 -0700
Processing by PagesController#home as HTML
  Rendering pages/home.html.erb within layouts/application
  [1m[36mProject Load (0.7ms)[0m  [1m[34mSELECT "projects".* FROM "projects"[0m
  Rendered shared/_projects.html.erb (2.9ms)
  Rendered pages/home.html.erb within layouts/application (5.8ms)
  Rendered shared/_nav.html.erb (2.0ms)
Completed 200 OK in 320ms (Views: 315.8ms | ActiveRecord: 0.7ms)


Started GET "/" for 127.0.0.1 at 2017-10-04 14:09:51 -0700
Processing by PagesController#home as HTML
  Rendering pages/home.html.erb within layouts/application
  [1m[36mProject Load (0.4ms)[0m  [1m[34mSELECT "projects".* FROM "projects"[0m
  Rendered shared/_projects.html.erb (2.9ms)
  Rendered pages/home.html.erb within layouts/application (6.8ms)
  Rendered shared/_nav.html.erb (1.6ms)
Completed 200 OK in 110ms (Views: 105.0ms | ActiveRecord: 0.4ms)


Started GET "/images/logos/logo.jpg,%20width:150px" for 127.0.0.1 at 2017-10-04 14:09:52 -0700
Started GET "/error" for 127.0.0.1 at 2017-10-04 14:09:52 -0700
Processing by PagesController#error as */*
  Rendering pages/error.html.erb within layouts/application
  Rendered pages/error.html.erb within layouts/application (0.7ms)
  Rendered shared/_nav.html.erb (1.0ms)
Completed 200 OK in 130ms (Views: 108.9ms | ActiveRecord: 0.0ms)


Started GET "/" for 127.0.0.1 at 2017-10-04 14:10:07 -0700
Processing by PagesController#home as HTML
  Rendering pages/home.html.erb within layouts/application
  [1m[36mProject Load (0.6ms)[0m  [1m[34mSELECT "projects".* FROM "projects"[0m
  Rendered shared/_projects.html.erb (4.4ms)
  Rendered pages/home.html.erb within layouts/application (10.0ms)
Completed 500 Internal Server Error in 27ms (ActiveRecord: 0.6ms)


  
SyntaxError (/Users/michaelfox/Desktop/cs/portfolio/taski/app/views/layouts/application.html.erb:13: syntax error, unexpected ',', expecting ')'
...=( image_tag("logos/logo.jpg"), width:150px; );@output_buffe...
...                               ^):
  
app/views/layouts/application.html.erb:13: syntax error, unexpected ',', expecting ')'
  Rendering /Users/michaelfox/.rvm/gems/ruby-2.3.3/gems/actionpack-5.0.6/lib/action_dispatch/middleware/templates/rescues/diagnostics.html.erb within rescues/layout
  Rendering /Users/michaelfox/.rvm/gems/ruby-2.3.3/gems/actionpack-5.0.6/lib/action_dispatch/middleware/templates/rescues/_source.html.erb
  Rendered /Users/michaelfox/.rvm/gems/ruby-2.3.3/gems/actionpack-5.0.6/lib/action_dispatch/middleware/templates/rescues/_source.html.erb (9.3ms)
  Rendering /Users/michaelfox/.rvm/gems/ruby-2.3.3/gems/actionpack-5.0.6/lib/action_dispatch/middleware/templates/rescues/_trace.html.erb
  Rendered /Users/michaelfox/.rvm/gems/ruby-2.3.3/gems/actionpack-5.0.6/lib/action_dispatch/middleware/templates/rescues/_trace.html.erb (5.7ms)
  Rendering /Users/michaelfox/.rvm/gems/ruby-2.3.3/gems/actionpack-5.0.6/lib/action_dispatch/middleware/templates/rescues/_request_and_response.html.erb
  Rendered /Users/michaelfox/.rvm/gems/ruby-2.3.3/gems/actionpack-5.0.6/lib/action_dispatch/middleware/templates/rescues/_request_and_response.html.erb (1.3ms)
  Rendered /Users/michaelfox/.rvm/gems/ruby-2.3.3/gems/actionpack-5.0.6/lib/action_dispatch/middleware/templates/rescues/diagnostics.html.erb within rescues/layout (167.4ms)
Started GET "/" for 127.0.0.1 at 2017-10-04 14:10:40 -0700
Processing by PagesController#home as HTML
  Rendering pages/home.html.erb within layouts/application
  [1m[36mProject Load (0.4ms)[0m  [1m[34mSELECT "projects".* FROM "projects"[0m
  Rendered shared/_projects.html.erb (2.4ms)
  Rendered pages/home.html.erb within layouts/application (5.6ms)
  Rendered shared/_nav.html.erb (1.0ms)
Completed 200 OK in 67ms (Views: 63.5ms | ActiveRecord: 0.4ms)


Started GET "/" for 127.0.0.1 at 2017-10-04 14:27:08 -0700
Processing by PagesController#home as HTML
  Rendering pages/home.html.erb within layouts/application
  [1m[36mProject Load (0.4ms)[0m  [1m[34mSELECT "projects".* FROM "projects"[0m
  Rendered shared/_projects.html.erb (2.6ms)
  Rendered pages/home.html.erb within layouts/application (6.9ms)
  Rendered shared/_nav.html.erb (1.0ms)
Completed 200 OK in 85ms (Views: 80.4ms | ActiveRecord: 0.4ms)


Started GET "/" for 127.0.0.1 at 2017-10-04 14:28:39 -0700
Processing by PagesController#home as HTML
  Rendering pages/home.html.erb within layouts/application
  [1m[36mProject Load (0.3ms)[0m  [1m[34mSELECT "projects".* FROM "projects"[0m
  Rendered shared/_projects.html.erb (1.6ms)
  Rendered pages/home.html.erb within layouts/application (4.5ms)
  Rendered shared/_nav.html.erb (1.1ms)
Completed 200 OK in 92ms (Views: 88.5ms | ActiveRecord: 0.3ms)


Started GET "/projects" for 127.0.0.1 at 2017-10-04 14:28:42 -0700
Processing by ProjectsController#index as HTML
  Rendering projects/index.html.erb within layouts/application
  [1m[36mProject Load (0.3ms)[0m  [1m[34mSELECT "projects".* FROM "projects"[0m
  Rendered projects/index.html.erb within layouts/application (3.5ms)
  Rendered shared/_nav.html.erb (1.1ms)
Completed 200 OK in 41ms (Views: 37.5ms | ActiveRecord: 0.3ms)


Started GET "/" for 127.0.0.1 at 2017-10-04 14:28:43 -0700
Processing by PagesController#home as HTML
  Rendering pages/home.html.erb within layouts/application
  [1m[36mProject Load (0.4ms)[0m  [1m[34mSELECT "projects".* FROM "projects"[0m
  Rendered shared/_projects.html.erb (2.2ms)
  Rendered pages/home.html.erb within layouts/application (6.4ms)
  Rendered shared/_nav.html.erb (0.8ms)
Completed 200 OK in 54ms (Views: 51.4ms | ActiveRecord: 0.4ms)


Started GET "/" for 127.0.0.1 at 2017-10-04 14:30:16 -0700
Processing by PagesController#home as HTML
  Rendering pages/home.html.erb within layouts/application
  [1m[36mProject Load (2.0ms)[0m  [1m[34mSELECT "projects".* FROM "projects"[0m
  Rendered shared/_projects.html.erb (26.0ms)
  Rendered pages/home.html.erb within layouts/application (59.3ms)
  Rendered shared/_nav.html.erb (10.2ms)
Completed 200 OK in 399ms (Views: 369.6ms | ActiveRecord: 2.0ms)


